Rietveld refinement to file(s) 12438.xy
BGMN version 4.2.22, 5375 measured points, 677 peaks, 132 parameters
Start: Tue May  4 18:52:48 2021; End: Tue May  4 18:55:52 2021
183 iteration steps

Rp=9.28%  Rpb=20.85%  R=10.26%  Rwp=11.02% Rexp=9.18%
Durbin-Watson d=1.32
1-rho=3.34%

Global parameters and GOALs
****************************
QSiO2p3221=0.463+-0.020
Qchlorite2b=0.0723+-0.0054
Qhornbl1=0.0832+-0.0042
Qmicromax=0.1736+-0.0076
Qplag16an=0.2080+-0.0092
EPS2=-0.0000962+-0.0000050

Local parameters and GOALs for phase SiO2p3221
******************************************************
SpacegroupNo=154
HermannMauguin=P3_221
XrayDensity=2.648
Rphase=7.91%
UNIT=NM
A=0.4913991+-0.0000077
C=0.540566+-0.000013
k2=0
B1=0.001200+-0.000027
GrainSize(1,1,1)=353.8+-8.1
GEWICHT=SPHAR8, MeanValue(GEWICHT)=0.0229093
Atomic positions for phase SiO2p3221
---------------------------------------------
  3     0.4723  0.0000  0.6667     E=(SI+4(1.0000))
  6     0.4160  0.2658  0.7881     E=(O-2(1.0000))

Local parameters and GOALs for phase CHLORITE_IIb-2
******************************************************
SpacegroupNo=12
HermannMauguin=C12/m1
XrayDensity=2.998
Rphase=10.61%
UNIT=NM
A=0.53069+-0.00051
B=0.92914+-0.00034
C=1.42368+-0.00027
BETA=96.128+-0.065
GEWICHT=SPHAR2, MeanValue(GEWICHT)=0.00357572
B1=ANISOLIN, MeanValue(B1)=0.0182449, sqrt3(det(B1))=0.00303485
Atomic positions for phase CHLORITE_IIb-2
---------------------------------------------
  2     0.0000  0.0000  0.0000     E=(MG+2(1.0000),FE+2(0.0000))
p=0

  4     0.0000  0.6678  0.0000     E=(MG+2(0.4336),FE+2(0.5664))
p=0.566+-0.072

  4     0.3150  0.0000  0.9257     E=(O-2(1.0000))
  8     0.1890  0.1667  0.0774     E=(O-2(1.0000))
  8     0.2248  0.1669  0.1937     E=(SI+4(0.6560),AL+3(0.3440))
  4     0.8030  0.0000  0.7643     E=(O-2(1.0000))
  8     0.5110  0.2280  0.2363     E=(O-2(1.0000))
  4     0.8280  0.0000  0.5711     E=(O-2(1.0000))
  8     0.1310  0.3463  0.4285     E=(O-2(1.0000))
  4     0.0000  0.8336  0.5000     E=(MG+2(0.3654),FE+2(0.6346))
p=0.635+-0.081

  2     0.0000  0.5000  0.5000     E=(AL+3(0.9650))
  4     0.2887  0.0000  0.8552     E=(H(1.0000))
  4     0.8377  0.0000  0.6339     E=(H(1.0000))
  8     0.1586  0.3359  0.3698     E=(H(1.0000))

Local parameters and GOALs for phase HORNBLENDE_iron_magnesium
******************************************************
SpacegroupNo=12
HermannMauguin=C12/m1
XrayDensity=3.205
Rphase=11.85%
UNIT=NM
A=0.98773+-0.00020
B=1.81058+-0.00044
C=0.53228+-0.00027
BETA=105.233+-0.025
GEWICHT=SPHAR2, MeanValue(GEWICHT)=0.00411910
B1=ANISOLIN, MeanValue(B1)=0.00685710, sqrt3(det(B1))=0.00196357
Atomic positions for phase HORNBLENDE_iron_magnesium
---------------------------------------------
  4     0.0000  0.7219  0.5000     E=(NA+1(0.1300),CA+2(0.8150),MG+2(0.0220),FE+2(0.0110),TI+4(0.0040))
  4     0.5290  0.0000  0.0612     E=(NA+1(0.3000),K+1(0.2000))
  4     0.0000  0.9141  0.5000     E=(MG+2(0.5570),FE+2(0.2710),TI+4(0.0960),AL+3(0.0760))
  4     0.0000  0.8222  0.0000     E=(MG+2(0.5570),FE+2(0.2710),TI+4(0.0960),AL+3(0.0760))
  2     0.0000  0.0000  0.0000     E=(MG+2(0.5570),FE+2(0.2710),TI+4(0.0960),AL+3(0.0760))
  8     0.2813  0.0857  0.3032     E=(AL+3(0.3400),SI+4(0.6600))
  8     0.2909  0.1728  0.8112     E=(AL+3(0.1600),SI+4(0.8400))
  8     0.1063  0.0882  0.2179     E=(O-2(1.0000))
  8     0.1186  0.1729  0.7310     E=(O-2(1.0000))
  4     0.8924  0.0000  0.2878     E=(O-2(1.0000))
  8     0.3666  0.2505  0.7893     E=(O-2(1.0000))
  8     0.3501  0.1392  0.1094     E=(O-2(1.0000))
  8     0.3451  0.1175  0.6069     E=(O-2(1.0000))
  4     0.6608  0.0000  0.7160     E=(O-2(1.0000))

Local parameters and GOALs for phase MICROCLINE_maximum
******************************************************
SpacegroupNo=2
HermannMauguin=C-1
XrayDensity=2.560
Rphase=11.11%
UNIT=NM
A=0.85831+-0.00017
B=1.29695+-0.00020
C=0.722116+-0.000062
ALPHA=90.676+-0.015
BETA=115.967+-0.011
GAMMA=87.794+-0.018
B1=0.00521+-0.00027
GEWICHT=SPHAR2, MeanValue(GEWICHT)=0.00859195
Atomic positions for phase MICROCLINE_maximum
---------------------------------------------
  4     0.2831 -0.0067  0.1360     E=(K+1(1.0000))
  4     0.0096  0.1880  0.2179     E=(AL+3(0.9000),SI+4(0.1000))
  4     0.0098  0.8191  0.2327     E=(AL+3(0.0300),SI+4(0.9700))
  4     0.7117  0.1200  0.3400     E=(AL+3(0.0700),SI+4(0.9300))
  4     0.7067  0.8858  0.3495     E=(SI+4(1.0000))
  4     0.0007  0.1448 -0.0179     E=(O-2(1.0000))
  4     0.6361  0.0053  0.2862     E=(O-2(1.0000))
  4     0.8218  0.1476  0.2200     E=(O-2(1.0000))
  4     0.8307  0.8568  0.2435     E=(O-2(1.0000))
  4     0.0347  0.3188  0.2564     E=(O-2(1.0000))
  4     0.0382  0.6955  0.2646     E=(O-2(1.0000))
  4     0.1900  0.1228  0.4055     E=(O-2(1.0000))
  4     0.1754  0.8745  0.4091     E=(O-2(1.0000))

Local parameters and GOALs for phase PLAGIOCLASE_OligoclaseAn16
******************************************************
SpacegroupNo=2
HermannMauguin=C-1
XrayDensity=2.644
Rphase=9.16%
UNIT=NM
A=0.814261+-0.000094
B=1.28016+-0.00013
C=0.715583+-0.000073
ALPHA=94.267+-0.019
BETA=116.5959+-0.0088
GAMMA=87.843+-0.019
B1=0.00451+-0.00036
k2=0.00000051+-0.00000037
GEWICHT=SPHAR4, MeanValue(GEWICHT)=0.0102921
Atomic positions for phase PLAGIOCLASE_OligoclaseAn16
---------------------------------------------
  4     0.2685  0.9949  0.1423     E=(NA+1(0.8400),CA+2(0.1600))
  4     0.0079  0.1673  0.2104     E=(AL+3(0.7400),SI+4(0.2600))
  4     0.0035  0.8189  0.2347     E=(AL+3(0.1100),SI+4(0.8900))
  4     0.6902  0.1099  0.3160     E=(AL+3(0.1600),SI+4(0.8400))
  4     0.6823  0.8806  0.3589     E=(AL+3(0.1600),SI+4(0.8400))
  4     0.0052  0.1312  0.9716     E=(O-2(1.0000))
  4     0.5891  0.9954  0.2797     E=(O-2(1.0000))
  4     0.8125  0.1090  0.1900     E=(O-2(1.0000))
  4     0.8190  0.8513  0.2532     E=(O-2(1.0000))
  4     0.0143  0.2983  0.2740     E=(O-2(1.0000))
  4     0.0209  0.6916  0.2246     E=(O-2(1.0000))
  4     0.2032  0.1092  0.3871     E=(O-2(1.0000))
  4     0.1854  0.8673  0.4334     E=(O-2(1.0000))
