Rietveld refinement to file(s) 12409.xy
BGMN version 4.2.22, 6159 measured points, 697 peaks, 111 parameters
Start: Thu Apr 29 16:03:31 2021; End: Thu Apr 29 16:14:00 2021
113 iteration steps

Rp=10.20%  Rpb=22.03%  R=10.45%  Rwp=12.04% Rexp=9.52%
Durbin-Watson d=1.19
1-rho=3.39%

Global parameters and GOALs
****************************
QSiO2p3221=0.5262+-0.0050
Qplag16an=0.2277+-0.0046
Qmicromax=0.2003+-0.0043
Qhornbl1=0.0458+-0.0025
EPS2=0.0000258+-0.0000046

Local parameters and GOALs for phase SiO2p3221
******************************************************
SpacegroupNo=154
HermannMauguin=P3_221
XrayDensity=2.648
Rphase=8.07%
UNIT=NM
A=0.4914057+-0.0000065
C=0.540543+-0.000011
k2=0
B1=0.001220+-0.000024
GrainSize(1,1,1)=347.8+-6.9
GEWICHT=SPHAR8, MeanValue(GEWICHT)=0.0266828
Atomic positions for phase SiO2p3221
---------------------------------------------
  3     0.4723  0.0000  0.6667     E=(SI+4(1.0000))
  6     0.4160  0.2658  0.7881     E=(O-2(1.0000))

Local parameters and GOALs for phase PLAGIOCLASE_OligoclaseAn16
******************************************************
SpacegroupNo=2
HermannMauguin=C-1
XrayDensity=2.644
Rphase=10.66%
UNIT=NM
A=0.814311+-0.000088
B=1.27997+-0.00012
C=0.715502+-0.000068
ALPHA=94.197+-0.014
BETA=116.5722+-0.0079
GAMMA=87.960+-0.014
B1=0.00462+-0.00027
k2=0.00000017+-0.00000020
GEWICHT=SPHAR4, MeanValue(GEWICHT)=0.0115448
Atomic positions for phase PLAGIOCLASE_OligoclaseAn16
---------------------------------------------
  4     0.2685  0.9949  0.1423     E=(NA+1(0.8400),CA+2(0.1600))
  4     0.0079  0.1673  0.2104     E=(AL+3(0.7400),SI+4(0.2600))
  4     0.0035  0.8189  0.2347     E=(AL+3(0.1100),SI+4(0.8900))
  4     0.6902  0.1099  0.3160     E=(AL+3(0.1600),SI+4(0.8400))
  4     0.6823  0.8806  0.3589     E=(AL+3(0.1600),SI+4(0.8400))
  4     0.0052  0.1312  0.9716     E=(O-2(1.0000))
  4     0.5891  0.9954  0.2797     E=(O-2(1.0000))
  4     0.8125  0.1090  0.1900     E=(O-2(1.0000))
  4     0.8190  0.8513  0.2532     E=(O-2(1.0000))
  4     0.0143  0.2983  0.2740     E=(O-2(1.0000))
  4     0.0209  0.6916  0.2246     E=(O-2(1.0000))
  4     0.2032  0.1092  0.3871     E=(O-2(1.0000))
  4     0.1854  0.8673  0.4334     E=(O-2(1.0000))

Local parameters and GOALs for phase MICROCLINE_maximum
******************************************************
SpacegroupNo=2
HermannMauguin=C-1
XrayDensity=2.559
Rphase=12.80%
UNIT=NM
A=0.85822+-0.00016
B=1.29720+-0.00016
C=0.722155+-0.000066
ALPHA=90.643+-0.013
BETA=115.948+-0.010
GAMMA=87.807+-0.014
B1=0.00547+-0.00026
GEWICHT=SPHAR2, MeanValue(GEWICHT)=0.0101590
Atomic positions for phase MICROCLINE_maximum
---------------------------------------------
  4     0.2831 -0.0067  0.1360     E=(K+1(1.0000))
  4     0.0096  0.1880  0.2179     E=(AL+3(0.9000),SI+4(0.1000))
  4     0.0098  0.8191  0.2327     E=(AL+3(0.0300),SI+4(0.9700))
  4     0.7117  0.1200  0.3400     E=(AL+3(0.0700),SI+4(0.9300))
  4     0.7067  0.8858  0.3495     E=(SI+4(1.0000))
  4     0.0007  0.1448 -0.0179     E=(O-2(1.0000))
  4     0.6361  0.0053  0.2862     E=(O-2(1.0000))
  4     0.8218  0.1476  0.2200     E=(O-2(1.0000))
  4     0.8307  0.8568  0.2435     E=(O-2(1.0000))
  4     0.0347  0.3188  0.2564     E=(O-2(1.0000))
  4     0.0382  0.6955  0.2646     E=(O-2(1.0000))
  4     0.1900  0.1228  0.4055     E=(O-2(1.0000))
  4     0.1754  0.8745  0.4091     E=(O-2(1.0000))

Local parameters and GOALs for phase HORNBLENDE_iron_magnesium
******************************************************
SpacegroupNo=12
HermannMauguin=C12/m1
XrayDensity=3.206
Rphase=12.80%
UNIT=NM
A=0.98775+-0.00030
B=1.80590+-0.00064
C=0.53347+-0.00080
BETA=105.196+-0.057
B1=0.00767+-0.00074
GEWICHT=SPHAR2, MeanValue(GEWICHT)=0.00232124
Atomic positions for phase HORNBLENDE_iron_magnesium
---------------------------------------------
  4     0.0000  0.7219  0.5000     E=(NA+1(0.1300),CA+2(0.8150),MG+2(0.0220),FE+2(0.0110),TI+4(0.0040))
  4     0.5290  0.0000  0.0612     E=(NA+1(0.3000),K+1(0.2000))
  4     0.0000  0.9141  0.5000     E=(MG+2(0.5570),FE+2(0.2710),TI+4(0.0960),AL+3(0.0760))
  4     0.0000  0.8222  0.0000     E=(MG+2(0.5570),FE+2(0.2710),TI+4(0.0960),AL+3(0.0760))
  2     0.0000  0.0000  0.0000     E=(MG+2(0.5570),FE+2(0.2710),TI+4(0.0960),AL+3(0.0760))
  8     0.2813  0.0857  0.3032     E=(AL+3(0.3400),SI+4(0.6600))
  8     0.2909  0.1728  0.8112     E=(AL+3(0.1600),SI+4(0.8400))
  8     0.1063  0.0882  0.2179     E=(O-2(1.0000))
  8     0.1186  0.1729  0.7310     E=(O-2(1.0000))
  4     0.8924  0.0000  0.2878     E=(O-2(1.0000))
  8     0.3666  0.2505  0.7893     E=(O-2(1.0000))
  8     0.3501  0.1392  0.1094     E=(O-2(1.0000))
  8     0.3451  0.1175  0.6069     E=(O-2(1.0000))
  4     0.6608  0.0000  0.7160     E=(O-2(1.0000))
